<?xml version="1.0" encoding="UTF-8"?>
<robot generator="Robot 3.2.1 (Python 3.8.5 on win32)" generated="20221124 03:39:00.505" rpa="false">
<suite id="s1" name="Test-Cases" source="C:\Users\moneg\Desktop\TG\testes\test-cases.robot">
<test id="s1-t1" name="Sucesso - Envio de horas complementares">
<kw name="Open Session" library="base" type="setup">
<kw name="Open Browser" library="SeleniumLibrary">
<doc>Opens a new browser instance to the optional ``url``.</doc>
<arguments>
<arg>${url}</arg>
<arg>chrome</arg>
</arguments>
<msg timestamp="20221124 03:39:00.839" level="INFO">Opening browser 'chrome' to base url 'https://sig.ufabc.edu.br/sigaa/verTelaLogin.do'.</msg>
<status status="PASS" starttime="20221124 03:39:00.838" endtime="20221124 03:39:04.072"></status>
</kw>
<status status="PASS" starttime="20221124 03:39:00.838" endtime="20221124 03:39:04.073"></status>
</kw>
<kw name="Dado que acesso o menu discente no sigaa" library="steps">
<kw name="Realiza Login" library="helpers">
<kw name="Wait Until Element Is Visible" library="SeleniumLibrary">
<doc>Waits until the element ``locator`` is visible.</doc>
<arguments>
<arg>${username}</arg>
</arguments>
<status status="PASS" starttime="20221124 03:39:04.075" endtime="20221124 03:39:04.130"></status>
</kw>
<kw name="Input Text" library="SeleniumLibrary">
<doc>Types the given ``text`` into the text field identified by ``locator``.</doc>
<arguments>
<arg>${username}</arg>
<arg>m.monegat</arg>
</arguments>
<msg timestamp="20221124 03:39:04.131" level="INFO">Typing text 'm.monegat' into text field 'css:input[name='user.login']'.</msg>
<status status="PASS" starttime="20221124 03:39:04.131" endtime="20221124 03:39:04.262"></status>
</kw>
<kw name="Input Text" library="SeleniumLibrary">
<doc>Types the given ``text`` into the text field identified by ``locator``.</doc>
<arguments>
<arg>${password}</arg>
<arg>Zacaiaiefr0n</arg>
</arguments>
<msg timestamp="20221124 03:39:04.262" level="INFO">Typing text 'Zacaiaiefr0n' into text field 'css:input[name='user.senha']'.</msg>
<status status="PASS" starttime="20221124 03:39:04.262" endtime="20221124 03:39:04.388"></status>
</kw>
<kw name="Click Element" library="SeleniumLibrary">
<doc>Click the element identified by ``locator``.</doc>
<arguments>
<arg>${login_button}</arg>
</arguments>
<msg timestamp="20221124 03:39:04.389" level="INFO">Clicking element 'css:input[value=Entrar]'.</msg>
<status status="PASS" starttime="20221124 03:39:04.388" endtime="20221124 03:39:06.351"></status>
</kw>
<kw name="Wait Until Element Is Visible" library="SeleniumLibrary">
<doc>Waits until the element ``locator`` is visible.</doc>
<arguments>
<arg>${userInfo}</arg>
</arguments>
<status status="PASS" starttime="20221124 03:39:06.351" endtime="20221124 03:39:06.403"></status>
</kw>
<status status="PASS" starttime="20221124 03:39:04.074" endtime="20221124 03:39:06.403"></status>
</kw>
<kw name="Acessa vinculo do Bacharel Inicial" library="helpers">
<kw name="Click Element" library="SeleniumLibrary">
<doc>Click the element identified by ``locator``.</doc>
<arguments>
<arg>${BI_option}</arg>
</arguments>
<msg timestamp="20221124 03:39:06.403" level="INFO">Clicking element 'id:link'.</msg>
<status status="PASS" starttime="20221124 03:39:06.403" endtime="20221124 03:39:11.073"></status>
</kw>
<kw name="Wait Until Element Is Visible" library="SeleniumLibrary">
<doc>Waits until the element ``locator`` is visible.</doc>
<arguments>
<arg>${portalDiscente}</arg>
</arguments>
<status status="PASS" starttime="20221124 03:39:11.073" endtime="20221124 03:39:14.382"></status>
</kw>
<kw name="Click Element" library="SeleniumLibrary">
<doc>Click the element identified by ``locator``.</doc>
<arguments>
<arg>${portalDiscente}</arg>
</arguments>
<msg timestamp="20221124 03:39:14.382" level="INFO">Clicking element 'css:li[class='discente on']'.</msg>
<status status="PASS" starttime="20221124 03:39:14.382" endtime="20221124 03:39:16.030"></status>
</kw>
<status status="PASS" starttime="20221124 03:39:06.403" endtime="20221124 03:39:16.030"></status>
</kw>
<status status="PASS" starttime="20221124 03:39:04.074" endtime="20221124 03:39:16.030"></status>
</kw>
<kw name="Quando envio corretamente minhas horas complementares" library="steps">
<kw name="Acessa envio de horas complementares" library="helpers">
<kw name="Table Row Should Contain" library="SeleniumLibrary">
<doc>Verifies that table row contains text ``expected``.</doc>
<arguments>
<arg>${ensinoMenuOption}</arg>
<arg>1</arg>
<arg>Ensino</arg>
</arguments>
<status status="PASS" starttime="20221124 03:39:16.037" endtime="20221124 03:39:16.217"></status>
</kw>
<status status="PASS" starttime="20221124 03:39:16.037" endtime="20221124 03:39:16.217"></status>
</kw>
<status status="PASS" starttime="20221124 03:39:16.036" endtime="20221124 03:39:16.218"></status>
</kw>
<kw name="Entao documentos serao enviados para analise" library="steps">
<kw name="Sleep" library="BuiltIn">
<doc>Pauses the test executed for the given time.</doc>
<arguments>
<arg>2</arg>
</arguments>
<msg timestamp="20221124 03:39:18.228" level="INFO">Slept 2 seconds</msg>
<status status="PASS" starttime="20221124 03:39:16.219" endtime="20221124 03:39:18.229"></status>
</kw>
<status status="PASS" starttime="20221124 03:39:16.219" endtime="20221124 03:39:18.229"></status>
</kw>
<kw name="Close Session" library="base" type="teardown">
<kw name="Capture Page Screenshot" library="SeleniumLibrary">
<doc>Takes a screenshot of the current page and embeds it into a log file.</doc>
<msg timestamp="20221124 03:39:18.381" level="INFO" html="yes">&lt;/td&gt;&lt;/tr&gt;&lt;tr&gt;&lt;td colspan="3"&gt;&lt;a href="selenium-screenshot-5.png"&gt;&lt;img src="selenium-screenshot-5.png" width="800px"&gt;&lt;/a&gt;</msg>
<status status="PASS" starttime="20221124 03:39:18.229" endtime="20221124 03:39:18.381"></status>
</kw>
<kw name="Close Browser" library="SeleniumLibrary">
<doc>Closes the current browser.</doc>
<status status="PASS" starttime="20221124 03:39:18.381" endtime="20221124 03:39:20.679"></status>
</kw>
<status status="PASS" starttime="20221124 03:39:18.229" endtime="20221124 03:39:20.680"></status>
</kw>
<status status="PASS" starttime="20221124 03:39:00.837" endtime="20221124 03:39:20.682" critical="yes"></status>
</test>
<doc>Suite dos testes de cadastro</doc>
<status status="PASS" starttime="20221124 03:39:00.507" endtime="20221124 03:39:20.689"></status>
</suite>
<statistics>
<total>
<stat pass="1" fail="0">Critical Tests</stat>
<stat pass="1" fail="0">All Tests</stat>
</total>
<tag>
</tag>
<suite>
<stat pass="1" fail="0" id="s1" name="Test-Cases">Test-Cases</stat>
</suite>
</statistics>
<errors>
</errors>
</robot>
